[0.790s] Invoking command in '/home/magdy/Documents/MyGithub/SendTuples/inverse_kin/src/inverseKin': CONDA_PROMPT_MODIFIER=(base) PYTHONPATH=/home/magdy/Documents/MyGithub/SendTuples/inverse_kin/build/inverse_kin/prefix_override:/home/magdy/Documents/MyGithub/SendTuples/inverse_kin/install/inverse_kin/lib/python3.10/site-packages:${PYTHONPATH} /usr/bin/python3 setup.py egg_info --egg-base ../../build/inverse_kin build --build-base /home/magdy/Documents/MyGithub/SendTuples/inverse_kin/build/inverse_kin/build install --record /home/magdy/Documents/MyGithub/SendTuples/inverse_kin/build/inverse_kin/install.log --single-version-externally-managed
[1.026s] running egg_info
[1.026s] writing ../../build/inverse_kin/inverseKin.egg-info/PKG-INFO
[1.027s] writing dependency_links to ../../build/inverse_kin/inverseKin.egg-info/dependency_links.txt
[1.027s] writing entry points to ../../build/inverse_kin/inverseKin.egg-info/entry_points.txt
[1.027s] writing requirements to ../../build/inverse_kin/inverseKin.egg-info/requires.txt
[1.027s] writing top-level names to ../../build/inverse_kin/inverseKin.egg-info/top_level.txt
[1.028s] reading manifest file '../../build/inverse_kin/inverseKin.egg-info/SOURCES.txt'
[1.029s] writing manifest file '../../build/inverse_kin/inverseKin.egg-info/SOURCES.txt'
[1.029s] running build
[1.029s] running build_py
[1.029s] copying inverseKin/server.py -> /home/magdy/Documents/MyGithub/SendTuples/inverse_kin/build/inverse_kin/build/lib/inverseKin
[1.029s] running install
[1.030s] /usr/lib/python3/dist-packages/setuptools/command/install.py:34: SetuptoolsDeprecationWarning: setup.py install is deprecated. Use build and pip and other standards-based tools.
[1.030s]   warnings.warn(
[1.030s] running install_lib
[1.030s] copying /home/magdy/Documents/MyGithub/SendTuples/inverse_kin/build/inverse_kin/build/lib/inverseKin/server.py -> /home/magdy/Documents/MyGithub/SendTuples/inverse_kin/install/inverse_kin/lib/python3.10/site-packages/inverseKin
[1.031s] byte-compiling /home/magdy/Documents/MyGithub/SendTuples/inverse_kin/install/inverse_kin/lib/python3.10/site-packages/inverseKin/server.py to server.cpython-310.pyc
[1.032s] running install_data
[1.033s] running install_egg_info
[1.034s] removing '/home/magdy/Documents/MyGithub/SendTuples/inverse_kin/install/inverse_kin/lib/python3.10/site-packages/inverseKin-0.0.0-py3.10.egg-info' (and everything under it)
[1.034s] Copying ../../build/inverse_kin/inverseKin.egg-info to /home/magdy/Documents/MyGithub/SendTuples/inverse_kin/install/inverse_kin/lib/python3.10/site-packages/inverseKin-0.0.0-py3.10.egg-info
[1.035s] running install_scripts
[1.053s] Installing server script to /home/magdy/Documents/MyGithub/SendTuples/inverse_kin/install/inverse_kin/lib/inverse_kin
[1.054s] writing list of installed files to '/home/magdy/Documents/MyGithub/SendTuples/inverse_kin/build/inverse_kin/install.log'
[1.076s] Invoked command in '/home/magdy/Documents/MyGithub/SendTuples/inverse_kin/src/inverseKin' returned '0': CONDA_PROMPT_MODIFIER=(base) PYTHONPATH=/home/magdy/Documents/MyGithub/SendTuples/inverse_kin/build/inverse_kin/prefix_override:/home/magdy/Documents/MyGithub/SendTuples/inverse_kin/install/inverse_kin/lib/python3.10/site-packages:${PYTHONPATH} /usr/bin/python3 setup.py egg_info --egg-base ../../build/inverse_kin build --build-base /home/magdy/Documents/MyGithub/SendTuples/inverse_kin/build/inverse_kin/build install --record /home/magdy/Documents/MyGithub/SendTuples/inverse_kin/build/inverse_kin/install.log --single-version-externally-managed
