[0.742s] Invoking command in '/home/magdy/Documents/MyGithub/SendTuples/inverse_kin/src/inverseKin': CONDA_PROMPT_MODIFIER=(base) PYTHONPATH=/home/magdy/Documents/MyGithub/SendTuples/inverse_kin/build/inverse_kin/prefix_override:/home/magdy/Documents/MyGithub/SendTuples/inverse_kin/install/inverse_kin/lib/python3.10/site-packages:${PYTHONPATH} /usr/bin/python3 setup.py egg_info --egg-base ../../build/inverse_kin build --build-base /home/magdy/Documents/MyGithub/SendTuples/inverse_kin/build/inverse_kin/build install --record /home/magdy/Documents/MyGithub/SendTuples/inverse_kin/build/inverse_kin/install.log --single-version-externally-managed
[0.958s] running egg_info
[0.958s] writing ../../build/inverse_kin/inverseKin.egg-info/PKG-INFO
[0.959s] writing dependency_links to ../../build/inverse_kin/inverseKin.egg-info/dependency_links.txt
[0.959s] writing entry points to ../../build/inverse_kin/inverseKin.egg-info/entry_points.txt
[0.959s] writing requirements to ../../build/inverse_kin/inverseKin.egg-info/requires.txt
[0.959s] writing top-level names to ../../build/inverse_kin/inverseKin.egg-info/top_level.txt
[0.960s] reading manifest file '../../build/inverse_kin/inverseKin.egg-info/SOURCES.txt'
[0.961s] writing manifest file '../../build/inverse_kin/inverseKin.egg-info/SOURCES.txt'
[0.961s] running build
[0.961s] running build_py
[0.961s] copying inverseKin/server.py -> /home/magdy/Documents/MyGithub/SendTuples/inverse_kin/build/inverse_kin/build/lib/inverseKin
[0.961s] running install
[0.961s] /usr/lib/python3/dist-packages/setuptools/command/install.py:34: SetuptoolsDeprecationWarning: setup.py install is deprecated. Use build and pip and other standards-based tools.
[0.961s]   warnings.warn(
[0.961s] running install_lib
[0.962s] copying /home/magdy/Documents/MyGithub/SendTuples/inverse_kin/build/inverse_kin/build/lib/inverseKin/server.py -> /home/magdy/Documents/MyGithub/SendTuples/inverse_kin/install/inverse_kin/lib/python3.10/site-packages/inverseKin
[0.962s] byte-compiling /home/magdy/Documents/MyGithub/SendTuples/inverse_kin/install/inverse_kin/lib/python3.10/site-packages/inverseKin/server.py to server.cpython-310.pyc
[0.963s] running install_data
[0.963s] running install_egg_info
[0.965s] removing '/home/magdy/Documents/MyGithub/SendTuples/inverse_kin/install/inverse_kin/lib/python3.10/site-packages/inverseKin-0.0.0-py3.10.egg-info' (and everything under it)
[0.965s] Copying ../../build/inverse_kin/inverseKin.egg-info to /home/magdy/Documents/MyGithub/SendTuples/inverse_kin/install/inverse_kin/lib/python3.10/site-packages/inverseKin-0.0.0-py3.10.egg-info
[0.966s] running install_scripts
[0.981s] Installing server script to /home/magdy/Documents/MyGithub/SendTuples/inverse_kin/install/inverse_kin/lib/inverse_kin
[0.981s] writing list of installed files to '/home/magdy/Documents/MyGithub/SendTuples/inverse_kin/build/inverse_kin/install.log'
[0.999s] Invoked command in '/home/magdy/Documents/MyGithub/SendTuples/inverse_kin/src/inverseKin' returned '0': CONDA_PROMPT_MODIFIER=(base) PYTHONPATH=/home/magdy/Documents/MyGithub/SendTuples/inverse_kin/build/inverse_kin/prefix_override:/home/magdy/Documents/MyGithub/SendTuples/inverse_kin/install/inverse_kin/lib/python3.10/site-packages:${PYTHONPATH} /usr/bin/python3 setup.py egg_info --egg-base ../../build/inverse_kin build --build-base /home/magdy/Documents/MyGithub/SendTuples/inverse_kin/build/inverse_kin/build install --record /home/magdy/Documents/MyGithub/SendTuples/inverse_kin/build/inverse_kin/install.log --single-version-externally-managed
