running egg_info
writing ../../build/inverse_kin/inverseKin.egg-info/PKG-INFO
writing dependency_links to ../../build/inverse_kin/inverseKin.egg-info/dependency_links.txt
writing entry points to ../../build/inverse_kin/inverseKin.egg-info/entry_points.txt
writing requirements to ../../build/inverse_kin/inverseKin.egg-info/requires.txt
writing top-level names to ../../build/inverse_kin/inverseKin.egg-info/top_level.txt
reading manifest file '../../build/inverse_kin/inverseKin.egg-info/SOURCES.txt'
writing manifest file '../../build/inverse_kin/inverseKin.egg-info/SOURCES.txt'
running build
running build_py
copying inverseKin/server.py -> /home/magdy/Documents/MyGithub/SendTuples/inverse_kin/build/inverse_kin/build/lib/inverseKin
running install
/usr/lib/python3/dist-packages/setuptools/command/install.py:34: SetuptoolsDeprecationWarning: setup.py install is deprecated. Use build and pip and other standards-based tools.
  warnings.warn(
running install_lib
copying /home/magdy/Documents/MyGithub/SendTuples/inverse_kin/build/inverse_kin/build/lib/inverseKin/server.py -> /home/magdy/Documents/MyGithub/SendTuples/inverse_kin/install/inverse_kin/lib/python3.10/site-packages/inverseKin
byte-compiling /home/magdy/Documents/MyGithub/SendTuples/inverse_kin/install/inverse_kin/lib/python3.10/site-packages/inverseKin/server.py to server.cpython-310.pyc
running install_data
running install_egg_info
removing '/home/magdy/Documents/MyGithub/SendTuples/inverse_kin/install/inverse_kin/lib/python3.10/site-packages/inverseKin-0.0.0-py3.10.egg-info' (and everything under it)
Copying ../../build/inverse_kin/inverseKin.egg-info to /home/magdy/Documents/MyGithub/SendTuples/inverse_kin/install/inverse_kin/lib/python3.10/site-packages/inverseKin-0.0.0-py3.10.egg-info
running install_scripts
Installing server script to /home/magdy/Documents/MyGithub/SendTuples/inverse_kin/install/inverse_kin/lib/inverse_kin
writing list of installed files to '/home/magdy/Documents/MyGithub/SendTuples/inverse_kin/build/inverse_kin/install.log'
