[0.750s] Invoking command in '/home/magdy/Documents/MyGithub/SendTuples/inverse_kin/src/inverseKin': CONDA_PROMPT_MODIFIER=(base) PYTHONPATH=/home/magdy/Documents/MyGithub/SendTuples/inverse_kin/build/inverse_kin/prefix_override:/home/magdy/Documents/MyGithub/SendTuples/inverse_kin/install/inverse_kin/lib/python3.10/site-packages:${PYTHONPATH} /usr/bin/python3 setup.py egg_info --egg-base ../../build/inverse_kin build --build-base /home/magdy/Documents/MyGithub/SendTuples/inverse_kin/build/inverse_kin/build install --record /home/magdy/Documents/MyGithub/SendTuples/inverse_kin/build/inverse_kin/install.log --single-version-externally-managed
[0.968s] running egg_info
[0.969s] creating ../../build/inverse_kin/inverseKin.egg-info
[0.969s] writing ../../build/inverse_kin/inverseKin.egg-info/PKG-INFO
[0.969s] writing dependency_links to ../../build/inverse_kin/inverseKin.egg-info/dependency_links.txt
[0.969s] writing entry points to ../../build/inverse_kin/inverseKin.egg-info/entry_points.txt
[0.969s] writing requirements to ../../build/inverse_kin/inverseKin.egg-info/requires.txt
[0.969s] writing top-level names to ../../build/inverse_kin/inverseKin.egg-info/top_level.txt
[0.969s] writing manifest file '../../build/inverse_kin/inverseKin.egg-info/SOURCES.txt'
[0.970s] reading manifest file '../../build/inverse_kin/inverseKin.egg-info/SOURCES.txt'
[0.971s] writing manifest file '../../build/inverse_kin/inverseKin.egg-info/SOURCES.txt'
[0.971s] running build
[0.971s] running build_py
[0.971s] creating /home/magdy/Documents/MyGithub/SendTuples/inverse_kin/build/inverse_kin/build
[0.972s] creating /home/magdy/Documents/MyGithub/SendTuples/inverse_kin/build/inverse_kin/build/lib
[0.972s] creating /home/magdy/Documents/MyGithub/SendTuples/inverse_kin/build/inverse_kin/build/lib/inverseKin
[0.972s] copying inverseKin/server.py -> /home/magdy/Documents/MyGithub/SendTuples/inverse_kin/build/inverse_kin/build/lib/inverseKin
[0.972s] copying inverseKin/__init__.py -> /home/magdy/Documents/MyGithub/SendTuples/inverse_kin/build/inverse_kin/build/lib/inverseKin
[0.972s] running install
[0.972s] /usr/lib/python3/dist-packages/setuptools/command/install.py:34: SetuptoolsDeprecationWarning: setup.py install is deprecated. Use build and pip and other standards-based tools.
[0.972s]   warnings.warn(
[0.972s] running install_lib
[0.973s] creating /home/magdy/Documents/MyGithub/SendTuples/inverse_kin/install/inverse_kin/lib/python3.10/site-packages/inverseKin
[0.973s] copying /home/magdy/Documents/MyGithub/SendTuples/inverse_kin/build/inverse_kin/build/lib/inverseKin/server.py -> /home/magdy/Documents/MyGithub/SendTuples/inverse_kin/install/inverse_kin/lib/python3.10/site-packages/inverseKin
[0.973s] copying /home/magdy/Documents/MyGithub/SendTuples/inverse_kin/build/inverse_kin/build/lib/inverseKin/__init__.py -> /home/magdy/Documents/MyGithub/SendTuples/inverse_kin/install/inverse_kin/lib/python3.10/site-packages/inverseKin
[0.973s] byte-compiling /home/magdy/Documents/MyGithub/SendTuples/inverse_kin/install/inverse_kin/lib/python3.10/site-packages/inverseKin/server.py to server.cpython-310.pyc
[0.974s] byte-compiling /home/magdy/Documents/MyGithub/SendTuples/inverse_kin/install/inverse_kin/lib/python3.10/site-packages/inverseKin/__init__.py to __init__.cpython-310.pyc
[0.974s] running install_data
[0.974s] copying resource/inverseKin -> /home/magdy/Documents/MyGithub/SendTuples/inverse_kin/install/inverse_kin/share/ament_index/resource_index/packages
[0.974s] creating /home/magdy/Documents/MyGithub/SendTuples/inverse_kin/install/inverse_kin/share/inverseKin
[0.974s] copying package.xml -> /home/magdy/Documents/MyGithub/SendTuples/inverse_kin/install/inverse_kin/share/inverseKin
[0.975s] running install_egg_info
[0.976s] Copying ../../build/inverse_kin/inverseKin.egg-info to /home/magdy/Documents/MyGithub/SendTuples/inverse_kin/install/inverse_kin/lib/python3.10/site-packages/inverseKin-0.0.0-py3.10.egg-info
[0.977s] running install_scripts
[0.991s] Installing server script to /home/magdy/Documents/MyGithub/SendTuples/inverse_kin/install/inverse_kin/lib/inverse_kin
[0.992s] writing list of installed files to '/home/magdy/Documents/MyGithub/SendTuples/inverse_kin/build/inverse_kin/install.log'
[1.008s] Invoked command in '/home/magdy/Documents/MyGithub/SendTuples/inverse_kin/src/inverseKin' returned '0': CONDA_PROMPT_MODIFIER=(base) PYTHONPATH=/home/magdy/Documents/MyGithub/SendTuples/inverse_kin/build/inverse_kin/prefix_override:/home/magdy/Documents/MyGithub/SendTuples/inverse_kin/install/inverse_kin/lib/python3.10/site-packages:${PYTHONPATH} /usr/bin/python3 setup.py egg_info --egg-base ../../build/inverse_kin build --build-base /home/magdy/Documents/MyGithub/SendTuples/inverse_kin/build/inverse_kin/build install --record /home/magdy/Documents/MyGithub/SendTuples/inverse_kin/build/inverse_kin/install.log --single-version-externally-managed
