[1.111s] DEBUG:colcon:Command line arguments: ['/usr/bin/colcon', 'build']
[1.112s] DEBUG:colcon:Parsed command line arguments: Namespace(log_base=None, log_level=None, verb_name='build', build_base='build', install_base='install', merge_install=False, symlink_install=False, test_result_base=None, continue_on_error=False, executor='parallel', parallel_workers=16, event_handlers=None, ignore_user_meta=False, metas=['./colcon.meta'], base_paths=['.'], packages_ignore=None, packages_ignore_regex=None, paths=None, packages_up_to=None, packages_up_to_regex=None, packages_above=None, packages_above_and_dependencies=None, packages_above_depth=None, packages_select_by_dep=None, packages_skip_by_dep=None, packages_skip_up_to=None, packages_select_build_failed=False, packages_skip_build_finished=False, packages_select_test_failures=False, packages_skip_test_passed=False, packages_select=None, packages_skip=None, packages_select_regex=None, packages_skip_regex=None, packages_start=None, packages_end=None, allow_overriding=[], cmake_args=None, cmake_target=None, cmake_target_skip_unavailable=False, cmake_clean_cache=False, cmake_clean_first=False, cmake_force_configure=False, ament_cmake_args=None, catkin_cmake_args=None, catkin_skip_building_tests=False, verb_parser=<colcon_defaults.argument_parser.defaults.DefaultArgumentsDecorator object at 0x7f1c9b488bb0>, verb_extension=<colcon_core.verb.build.BuildVerb object at 0x7f1c9b48a620>, main=<bound method BuildVerb.main of <colcon_core.verb.build.BuildVerb object at 0x7f1c9b48a620>>)
[1.159s] Level 1:colcon.colcon_core.package_discovery:discover_packages(colcon_meta) check parameters
[1.159s] Level 1:colcon.colcon_core.package_discovery:discover_packages(recursive) check parameters
[1.159s] Level 1:colcon.colcon_core.package_discovery:discover_packages(ignore) check parameters
[1.159s] Level 1:colcon.colcon_core.package_discovery:discover_packages(path) check parameters
[1.159s] Level 1:colcon.colcon_core.package_discovery:discover_packages(colcon_meta) discover
[1.159s] Level 1:colcon.colcon_core.package_discovery:discover_packages(recursive) discover
[1.159s] INFO:colcon.colcon_core.package_discovery:Crawling recursively for packages in '/home/magdy/Documents/MyGithub/SendTuples/inverse_kin'
[1.160s] Level 1:colcon.colcon_core.package_identification:_identify(.) by extensions ['ignore', 'ignore_ament_install']
[1.160s] Level 1:colcon.colcon_core.package_identification:_identify(.) by extension 'ignore'
[1.160s] Level 1:colcon.colcon_core.package_identification:_identify(.) by extension 'ignore_ament_install'
[1.160s] Level 1:colcon.colcon_core.package_identification:_identify(.) by extensions ['colcon_pkg']
[1.160s] Level 1:colcon.colcon_core.package_identification:_identify(.) by extension 'colcon_pkg'
[1.160s] Level 1:colcon.colcon_core.package_identification:_identify(.) by extensions ['colcon_meta']
[1.160s] Level 1:colcon.colcon_core.package_identification:_identify(.) by extension 'colcon_meta'
[1.160s] Level 1:colcon.colcon_core.package_identification:_identify(.) by extensions ['ros']
[1.160s] Level 1:colcon.colcon_core.package_identification:_identify(.) by extension 'ros'
[1.168s] Level 1:colcon.colcon_core.package_identification:_identify(.) by extensions ['cmake', 'python']
[1.168s] Level 1:colcon.colcon_core.package_identification:_identify(.) by extension 'cmake'
[1.168s] Level 1:colcon.colcon_core.package_identification:_identify(.) by extension 'python'
[1.168s] Level 1:colcon.colcon_core.package_identification:_identify(.) by extensions ['python_setup_py']
[1.168s] Level 1:colcon.colcon_core.package_identification:_identify(.) by extension 'python_setup_py'
[1.168s] Level 1:colcon.colcon_core.package_identification:_identify(build) by extensions ['ignore', 'ignore_ament_install']
[1.168s] Level 1:colcon.colcon_core.package_identification:_identify(build) by extension 'ignore'
[1.168s] Level 1:colcon.colcon_core.package_identification:_identify(build) ignored
[1.169s] Level 1:colcon.colcon_core.package_identification:_identify(install) by extensions ['ignore', 'ignore_ament_install']
[1.169s] Level 1:colcon.colcon_core.package_identification:_identify(install) by extension 'ignore'
[1.169s] Level 1:colcon.colcon_core.package_identification:_identify(install) ignored
[1.169s] Level 1:colcon.colcon_core.package_identification:_identify(log) by extensions ['ignore', 'ignore_ament_install']
[1.169s] Level 1:colcon.colcon_core.package_identification:_identify(log) by extension 'ignore'
[1.169s] Level 1:colcon.colcon_core.package_identification:_identify(log) ignored
[1.169s] Level 1:colcon.colcon_core.package_identification:_identify(src) by extensions ['ignore', 'ignore_ament_install']
[1.169s] Level 1:colcon.colcon_core.package_identification:_identify(src) by extension 'ignore'
[1.169s] Level 1:colcon.colcon_core.package_identification:_identify(src) by extension 'ignore_ament_install'
[1.169s] Level 1:colcon.colcon_core.package_identification:_identify(src) by extensions ['colcon_pkg']
[1.169s] Level 1:colcon.colcon_core.package_identification:_identify(src) by extension 'colcon_pkg'
[1.169s] Level 1:colcon.colcon_core.package_identification:_identify(src) by extensions ['colcon_meta']
[1.169s] Level 1:colcon.colcon_core.package_identification:_identify(src) by extension 'colcon_meta'
[1.169s] Level 1:colcon.colcon_core.package_identification:_identify(src) by extensions ['ros']
[1.169s] Level 1:colcon.colcon_core.package_identification:_identify(src) by extension 'ros'
[1.169s] Level 1:colcon.colcon_core.package_identification:_identify(src) by extensions ['cmake', 'python']
[1.169s] Level 1:colcon.colcon_core.package_identification:_identify(src) by extension 'cmake'
[1.169s] Level 1:colcon.colcon_core.package_identification:_identify(src) by extension 'python'
[1.169s] Level 1:colcon.colcon_core.package_identification:_identify(src) by extensions ['python_setup_py']
[1.169s] Level 1:colcon.colcon_core.package_identification:_identify(src) by extension 'python_setup_py'
[1.169s] Level 1:colcon.colcon_core.package_identification:_identify(src/inverseKin) by extensions ['ignore', 'ignore_ament_install']
[1.169s] Level 1:colcon.colcon_core.package_identification:_identify(src/inverseKin) by extension 'ignore'
[1.170s] Level 1:colcon.colcon_core.package_identification:_identify(src/inverseKin) by extension 'ignore_ament_install'
[1.170s] Level 1:colcon.colcon_core.package_identification:_identify(src/inverseKin) by extensions ['colcon_pkg']
[1.170s] Level 1:colcon.colcon_core.package_identification:_identify(src/inverseKin) by extension 'colcon_pkg'
[1.170s] Level 1:colcon.colcon_core.package_identification:_identify(src/inverseKin) by extensions ['colcon_meta']
[1.170s] Level 1:colcon.colcon_core.package_identification:_identify(src/inverseKin) by extension 'colcon_meta'
[1.170s] Level 1:colcon.colcon_core.package_identification:_identify(src/inverseKin) by extensions ['ros']
[1.170s] Level 1:colcon.colcon_core.package_identification:_identify(src/inverseKin) by extension 'ros'
[1.171s] DEBUG:colcon.colcon_core.package_identification:Package 'src/inverseKin' with type 'ros.ament_python' and name 'inverse_kin'
[1.171s] Level 1:colcon.colcon_core.package_discovery:discover_packages(recursive) using defaults
[1.172s] Level 1:colcon.colcon_core.package_discovery:discover_packages(ignore) discover
[1.172s] Level 1:colcon.colcon_core.package_discovery:discover_packages(ignore) using defaults
[1.172s] Level 1:colcon.colcon_core.package_discovery:discover_packages(path) discover
[1.172s] Level 1:colcon.colcon_core.package_discovery:discover_packages(path) using defaults
[1.276s] Level 1:colcon.colcon_core.package_discovery:discover_packages(prefix_path) check parameters
[1.276s] Level 1:colcon.colcon_core.package_discovery:discover_packages(prefix_path) discover
[1.311s] DEBUG:colcon.colcon_installed_package_information.package_discovery:Found 1 installed packages in /home/magdy/Documents/MyGithub/SendTuples/inverse_kin/install
[1.331s] DEBUG:colcon.colcon_installed_package_information.package_discovery:Found 270 installed packages in /opt/ros/humble
[1.332s] Level 1:colcon.colcon_core.package_discovery:discover_packages(prefix_path) using defaults
[1.415s] Level 5:colcon.colcon_core.verb:set package 'inverse_kin' build argument 'cmake_args' from command line to 'None'
[1.415s] Level 5:colcon.colcon_core.verb:set package 'inverse_kin' build argument 'cmake_target' from command line to 'None'
[1.415s] Level 5:colcon.colcon_core.verb:set package 'inverse_kin' build argument 'cmake_target_skip_unavailable' from command line to 'False'
[1.415s] Level 5:colcon.colcon_core.verb:set package 'inverse_kin' build argument 'cmake_clean_cache' from command line to 'False'
[1.415s] Level 5:colcon.colcon_core.verb:set package 'inverse_kin' build argument 'cmake_clean_first' from command line to 'False'
[1.415s] Level 5:colcon.colcon_core.verb:set package 'inverse_kin' build argument 'cmake_force_configure' from command line to 'False'
[1.415s] Level 5:colcon.colcon_core.verb:set package 'inverse_kin' build argument 'ament_cmake_args' from command line to 'None'
[1.415s] Level 5:colcon.colcon_core.verb:set package 'inverse_kin' build argument 'catkin_cmake_args' from command line to 'None'
[1.415s] Level 5:colcon.colcon_core.verb:set package 'inverse_kin' build argument 'catkin_skip_building_tests' from command line to 'False'
[1.416s] DEBUG:colcon.colcon_core.verb:Building package 'inverse_kin' with the following arguments: {'ament_cmake_args': None, 'build_base': '/home/magdy/Documents/MyGithub/SendTuples/inverse_kin/build/inverse_kin', 'catkin_cmake_args': None, 'catkin_skip_building_tests': False, 'cmake_args': None, 'cmake_clean_cache': False, 'cmake_clean_first': False, 'cmake_force_configure': False, 'cmake_target': None, 'cmake_target_skip_unavailable': False, 'install_base': '/home/magdy/Documents/MyGithub/SendTuples/inverse_kin/install/inverse_kin', 'merge_install': False, 'path': '/home/magdy/Documents/MyGithub/SendTuples/inverse_kin/src/inverseKin', 'symlink_install': False, 'test_result_base': None}
[1.432s] INFO:colcon.colcon_core.executor:Executing jobs using 'parallel' executor
[1.449s] DEBUG:colcon.colcon_parallel_executor.executor.parallel:run_until_complete
[1.449s] INFO:colcon.colcon_ros.task.ament_python.build:Building ROS package in '/home/magdy/Documents/MyGithub/SendTuples/inverse_kin/src/inverseKin' with build type 'ament_python'
[1.449s] Level 1:colcon.colcon_core.shell:create_environment_hook('inverse_kin', 'ament_prefix_path')
[1.468s] INFO:colcon.colcon_core.plugin_system:Skipping extension 'colcon_core.shell.bat': Not used on non-Windows systems
[1.468s] INFO:colcon.colcon_core.shell:Creating environment hook '/home/magdy/Documents/MyGithub/SendTuples/inverse_kin/install/inverse_kin/share/inverse_kin/hook/ament_prefix_path.ps1'
[1.469s] INFO:colcon.colcon_core.shell:Creating environment descriptor '/home/magdy/Documents/MyGithub/SendTuples/inverse_kin/install/inverse_kin/share/inverse_kin/hook/ament_prefix_path.dsv'
[1.469s] INFO:colcon.colcon_core.shell:Creating environment hook '/home/magdy/Documents/MyGithub/SendTuples/inverse_kin/install/inverse_kin/share/inverse_kin/hook/ament_prefix_path.sh'
[1.488s] INFO:colcon.colcon_core.shell:Skip shell extension 'powershell' for command environment: Not usable outside of PowerShell
[1.488s] DEBUG:colcon.colcon_core.shell:Skip shell extension 'dsv' for command environment
[1.796s] WARNING:colcon.colcon_ros.task.ament_python.build:Package 'inverse_kin' doesn't explicitly install a marker in the package index (colcon-ros currently does it implicitly but that fallback will be removed in the future)
[1.797s] WARNING:colcon.colcon_ros.task.ament_python.build:Package 'inverse_kin' doesn't explicitly install the 'package.xml' file (colcon-ros currently does it implicitly but that fallback will be removed in the future)
[1.797s] INFO:colcon.colcon_core.task.python.build:Building Python package in '/home/magdy/Documents/MyGithub/SendTuples/inverse_kin/src/inverseKin'
[1.815s] INFO:colcon.colcon_core.shell:Skip shell extension 'powershell' for command environment: Not usable outside of PowerShell
[1.815s] DEBUG:colcon.colcon_core.shell:Skip shell extension 'dsv' for command environment
[2.240s] DEBUG:colcon.colcon_core.event_handler.log_command:Invoking command in '/home/magdy/Documents/MyGithub/SendTuples/inverse_kin/src/inverseKin': CONDA_PROMPT_MODIFIER=(base) PYTHONPATH=/home/magdy/Documents/MyGithub/SendTuples/inverse_kin/build/inverse_kin/prefix_override:/home/magdy/Documents/MyGithub/SendTuples/inverse_kin/install/inverse_kin/lib/python3.10/site-packages:${PYTHONPATH} /usr/bin/python3 setup.py egg_info --egg-base ../../build/inverse_kin build --build-base /home/magdy/Documents/MyGithub/SendTuples/inverse_kin/build/inverse_kin/build install --record /home/magdy/Documents/MyGithub/SendTuples/inverse_kin/build/inverse_kin/install.log --single-version-externally-managed
[2.526s] DEBUG:colcon.colcon_core.event_handler.log_command:Invoked command in '/home/magdy/Documents/MyGithub/SendTuples/inverse_kin/src/inverseKin' returned '0': CONDA_PROMPT_MODIFIER=(base) PYTHONPATH=/home/magdy/Documents/MyGithub/SendTuples/inverse_kin/build/inverse_kin/prefix_override:/home/magdy/Documents/MyGithub/SendTuples/inverse_kin/install/inverse_kin/lib/python3.10/site-packages:${PYTHONPATH} /usr/bin/python3 setup.py egg_info --egg-base ../../build/inverse_kin build --build-base /home/magdy/Documents/MyGithub/SendTuples/inverse_kin/build/inverse_kin/build install --record /home/magdy/Documents/MyGithub/SendTuples/inverse_kin/build/inverse_kin/install.log --single-version-externally-managed
[2.545s] Level 1:colcon.colcon_core.environment:checking '/home/magdy/Documents/MyGithub/SendTuples/inverse_kin/install/inverse_kin' for CMake module files
[2.546s] Level 1:colcon.colcon_core.environment:checking '/home/magdy/Documents/MyGithub/SendTuples/inverse_kin/install/inverse_kin' for CMake config files
[2.547s] Level 1:colcon.colcon_core.environment:checking '/home/magdy/Documents/MyGithub/SendTuples/inverse_kin/install/inverse_kin/lib'
[2.547s] Level 1:colcon.colcon_core.environment:checking '/home/magdy/Documents/MyGithub/SendTuples/inverse_kin/install/inverse_kin/bin'
[2.547s] Level 1:colcon.colcon_core.environment:checking '/home/magdy/Documents/MyGithub/SendTuples/inverse_kin/install/inverse_kin/lib/pkgconfig/inverse_kin.pc'
[2.547s] Level 1:colcon.colcon_core.environment:checking '/home/magdy/Documents/MyGithub/SendTuples/inverse_kin/install/inverse_kin/lib/python3.10/site-packages'
[2.547s] Level 1:colcon.colcon_core.shell:create_environment_hook('inverse_kin', 'pythonpath')
[2.570s] INFO:colcon.colcon_core.shell:Creating environment hook '/home/magdy/Documents/MyGithub/SendTuples/inverse_kin/install/inverse_kin/share/inverse_kin/hook/pythonpath.ps1'
[2.570s] INFO:colcon.colcon_core.shell:Creating environment descriptor '/home/magdy/Documents/MyGithub/SendTuples/inverse_kin/install/inverse_kin/share/inverse_kin/hook/pythonpath.dsv'
[2.571s] INFO:colcon.colcon_core.shell:Creating environment hook '/home/magdy/Documents/MyGithub/SendTuples/inverse_kin/install/inverse_kin/share/inverse_kin/hook/pythonpath.sh'
[2.571s] Level 1:colcon.colcon_core.environment:checking '/home/magdy/Documents/MyGithub/SendTuples/inverse_kin/install/inverse_kin/bin'
[2.571s] Level 1:colcon.colcon_core.environment:create_environment_scripts_only(inverse_kin)
[2.590s] INFO:colcon.colcon_core.shell:Creating package script '/home/magdy/Documents/MyGithub/SendTuples/inverse_kin/install/inverse_kin/share/inverse_kin/package.ps1'
[2.591s] INFO:colcon.colcon_core.shell:Creating package descriptor '/home/magdy/Documents/MyGithub/SendTuples/inverse_kin/install/inverse_kin/share/inverse_kin/package.dsv'
[2.591s] INFO:colcon.colcon_core.shell:Creating package script '/home/magdy/Documents/MyGithub/SendTuples/inverse_kin/install/inverse_kin/share/inverse_kin/package.sh'
[2.592s] INFO:colcon.colcon_core.shell:Creating package script '/home/magdy/Documents/MyGithub/SendTuples/inverse_kin/install/inverse_kin/share/inverse_kin/package.bash'
[2.593s] INFO:colcon.colcon_core.shell:Creating package script '/home/magdy/Documents/MyGithub/SendTuples/inverse_kin/install/inverse_kin/share/inverse_kin/package.zsh'
[2.593s] Level 1:colcon.colcon_core.environment:create_file_with_runtime_dependencies(/home/magdy/Documents/MyGithub/SendTuples/inverse_kin/install/inverse_kin/share/colcon-core/packages/inverse_kin)
[2.594s] DEBUG:colcon.colcon_parallel_executor.executor.parallel:closing loop
[2.594s] DEBUG:colcon.colcon_parallel_executor.executor.parallel:loop closed
[2.594s] DEBUG:colcon.colcon_parallel_executor.executor.parallel:run_until_complete finished with '0'
[2.594s] DEBUG:colcon.colcon_core.event_reactor:joining thread
[2.630s] INFO:colcon.colcon_core.plugin_system:Skipping extension 'colcon_notification.desktop_notification.terminal_notifier': Not used on non-Darwin systems
[2.630s] INFO:colcon.colcon_core.plugin_system:Skipping extension 'colcon_notification.desktop_notification.win32': Not used on non-Windows systems
[2.630s] INFO:colcon.colcon_notification.desktop_notification:Sending desktop notification using 'notify2'
[2.640s] DEBUG:colcon.colcon_core.event_reactor:joined thread
[2.660s] INFO:colcon.colcon_core.shell:Creating prefix script '/home/magdy/Documents/MyGithub/SendTuples/inverse_kin/install/local_setup.ps1'
[2.661s] INFO:colcon.colcon_core.shell:Creating prefix util module '/home/magdy/Documents/MyGithub/SendTuples/inverse_kin/install/_local_setup_util_ps1.py'
[2.662s] INFO:colcon.colcon_core.shell:Creating prefix chain script '/home/magdy/Documents/MyGithub/SendTuples/inverse_kin/install/setup.ps1'
[2.682s] INFO:colcon.colcon_core.shell:Creating prefix script '/home/magdy/Documents/MyGithub/SendTuples/inverse_kin/install/local_setup.sh'
[2.682s] INFO:colcon.colcon_core.shell:Creating prefix util module '/home/magdy/Documents/MyGithub/SendTuples/inverse_kin/install/_local_setup_util_sh.py'
[2.683s] INFO:colcon.colcon_core.shell:Creating prefix chain script '/home/magdy/Documents/MyGithub/SendTuples/inverse_kin/install/setup.sh'
[2.703s] INFO:colcon.colcon_core.shell:Creating prefix script '/home/magdy/Documents/MyGithub/SendTuples/inverse_kin/install/local_setup.bash'
[2.704s] INFO:colcon.colcon_core.shell:Creating prefix chain script '/home/magdy/Documents/MyGithub/SendTuples/inverse_kin/install/setup.bash'
[2.724s] INFO:colcon.colcon_core.shell:Creating prefix script '/home/magdy/Documents/MyGithub/SendTuples/inverse_kin/install/local_setup.zsh'
[2.725s] INFO:colcon.colcon_core.shell:Creating prefix chain script '/home/magdy/Documents/MyGithub/SendTuples/inverse_kin/install/setup.zsh'
